TN:
SF:app.js
FN:11,(anonymous_0)
FN:11,(anonymous_1)
FN:53,(anonymous_2)
FN:64,(anonymous_3)
FN:78,(anonymous_4)
FN:79,(anonymous_5)
FNF:6
FNH:2
FNDA:1,(anonymous_0)
FNDA:32,(anonymous_1)
FNDA:0,(anonymous_2)
FNDA:0,(anonymous_3)
FNDA:0,(anonymous_4)
FNDA:0,(anonymous_5)
DA:1,1
DA:2,1
DA:3,1
DA:4,1
DA:5,1
DA:7,1
DA:9,1
DA:11,32
DA:13,1
DA:14,1
DA:15,1
DA:17,1
DA:20,1
DA:23,1
DA:29,1
DA:32,1
DA:41,1
DA:44,1
DA:45,1
DA:50,1
DA:51,0
DA:52,0
DA:53,0
DA:54,0
DA:55,0
DA:58,0
DA:63,1
DA:64,0
DA:65,0
DA:66,0
DA:71,1
DA:72,1
DA:75,1
DA:76,0
DA:78,0
DA:79,0
DA:82,1
LF:37
LH:25
BRDA:50,0,0,0
BRDA:50,0,1,1
BRDA:54,1,0,0
BRDA:54,1,1,0
BRDA:54,2,0,0
BRDA:54,2,1,0
BRDA:63,3,0,0
BRDA:63,3,1,1
BRDA:75,4,0,0
BRDA:75,4,1,1
BRF:10
BRH:3
end_of_record
TN:
SF:controllers/authController.js
FN:5,(anonymous_0)
FN:11,(anonymous_1)
FN:55,(anonymous_2)
FN:93,(anonymous_3)
FN:106,(anonymous_4)
FNF:5
FNH:5
FNDA:4,(anonymous_0)
FNDA:3,(anonymous_1)
FNDA:4,(anonymous_2)
FNDA:4,(anonymous_3)
FNDA:5,(anonymous_4)
DA:1,2
DA:2,2
DA:3,2
DA:5,2
DA:6,4
DA:7,4
DA:11,2
DA:12,3
DA:14,3
DA:16,3
DA:17,2
DA:18,1
DA:22,1
DA:25,1
DA:31,1
DA:34,1
DA:39,1
DA:40,1
DA:50,1
DA:55,2
DA:56,4
DA:59,4
DA:60,1
DA:63,3
DA:64,3
DA:65,2
DA:66,1
DA:69,1
DA:70,1
DA:71,1
DA:72,1
DA:75,0
DA:77,0
DA:78,0
DA:88,1
DA:93,2
DA:94,4
DA:95,4
DA:96,3
DA:97,2
DA:99,1
DA:101,1
DA:106,2
DA:107,5
DA:108,5
DA:110,5
DA:112,5
DA:113,4
DA:114,1
DA:118,3
DA:119,3
DA:121,3
DA:122,2
DA:123,1
DA:125,1
DA:126,1
DA:127,1
DA:130,2
DA:131,2
DA:133,2
DA:136,2
DA:138,2
DA:140,1
LF:63
LH:60
BRDA:12,0,0,3
BRDA:17,1,0,1
BRDA:17,1,1,1
BRDA:44,2,0,0
BRDA:44,2,1,1
BRDA:59,3,0,1
BRDA:59,3,1,3
BRDA:59,4,0,4
BRDA:59,4,1,3
BRDA:65,5,0,1
BRDA:65,5,1,1
BRDA:71,6,0,1
BRDA:71,6,1,0
BRDA:77,7,0,0
BRDA:77,7,1,0
BRDA:82,8,0,0
BRDA:82,8,1,0
BRDA:96,9,0,2
BRDA:96,9,1,1
BRDA:113,10,0,1
BRDA:113,10,1,3
BRDA:121,11,0,2
BRDA:121,11,1,1
BRDA:121,12,0,3
BRDA:121,12,1,2
BRDA:122,13,0,1
BRDA:122,13,1,1
BRF:27
BRH:21
end_of_record
TN:
SF:controllers/recipesController.js
FN:3,(anonymous_0)
FN:9,(anonymous_1)
FN:34,(anonymous_2)
FN:51,(anonymous_3)
FN:65,(anonymous_4)
FN:79,(anonymous_5)
FN:89,(anonymous_6)
FN:103,(anonymous_7)
FN:116,(anonymous_8)
FNF:9
FNH:9
FNDA:3,(anonymous_0)
FNDA:5,(anonymous_1)
FNDA:2,(anonymous_2)
FNDA:2,(anonymous_3)
FNDA:2,(anonymous_4)
FNDA:2,(anonymous_5)
FNDA:2,(anonymous_6)
FNDA:2,(anonymous_7)
FNDA:3,(anonymous_8)
DA:1,2
DA:3,2
DA:4,3
DA:5,3
DA:9,2
DA:10,5
DA:11,5
DA:13,5
DA:18,5
DA:20,5
DA:21,2
DA:22,2
DA:23,2
DA:26,5
DA:27,5
DA:29,0
DA:34,2
DA:35,2
DA:36,2
DA:43,2
DA:44,0
DA:46,0
DA:51,2
DA:52,2
DA:53,2
DA:54,2
DA:58,1
DA:60,1
DA:65,2
DA:66,2
DA:67,2
DA:68,2
DA:72,1
DA:74,1
DA:79,2
DA:80,2
DA:81,2
DA:82,1
DA:84,1
DA:89,2
DA:90,2
DA:91,2
DA:93,2
DA:95,2
DA:96,2
DA:98,0
DA:103,2
DA:104,2
DA:105,2
DA:107,2
DA:108,2
DA:109,2
DA:111,0
DA:116,2
DA:117,3
DA:118,3
DA:120,3
DA:121,3
DA:125,3
DA:127,0
LF:60
LH:54
BRDA:20,0,0,2
BRDA:20,0,1,3
BRDA:20,1,0,5
BRDA:20,1,1,2
BRDA:43,2,0,2
BRDA:43,2,1,0
BRF:6
BRH:5
end_of_record
TN:
SF:middlewares/admin.js
FN:1,(anonymous_0)
FNF:1
FNH:1
FNDA:7,(anonymous_0)
DA:1,2
DA:2,7
DA:3,4
DA:5,3
LF:4
LH:4
BRDA:2,0,0,4
BRDA:2,0,1,3
BRF:2
BRH:2
end_of_record
TN:
SF:middlewares/authMiddleware.js
FN:3,(anonymous_0)
FNF:1
FNH:1
FNDA:25,(anonymous_0)
DA:1,2
DA:3,2
DA:5,25
DA:6,25
DA:7,25
DA:9,25
DA:11,15
DA:12,15
DA:13,12
DA:14,12
DA:16,3
LF:11
LH:11
BRDA:7,0,0,25
BRDA:7,0,1,25
BRDA:9,1,0,10
BRDA:9,1,1,15
BRF:4
BRH:4
end_of_record
TN:
SF:middlewares/validators.js
FN:16,(anonymous_0)
FN:52,(anonymous_1)
FNF:2
FNH:2
FNDA:6,(anonymous_0)
FNDA:4,(anonymous_1)
DA:1,2
DA:4,2
DA:17,6
DA:18,6
DA:19,6
DA:20,6
DA:21,6
DA:22,6
DA:23,2
DA:25,4
DA:31,2
DA:40,2
DA:53,4
DA:54,4
DA:55,4
DA:56,4
DA:57,4
DA:58,4
DA:59,4
DA:60,1
DA:62,3
DA:67,2
DA:83,2
LF:23
LH:23
BRDA:22,0,0,2
BRDA:22,0,1,4
BRDA:53,1,0,0
BRDA:53,1,1,4
BRDA:59,2,0,1
BRDA:59,2,1,3
BRF:6
BRH:5
end_of_record
TN:
SF:routes/auth.js
FN:9,(anonymous_0)
FN:23,(anonymous_1)
FNF:2
FNH:1
FNDA:6,(anonymous_0)
FNDA:0,(anonymous_1)
DA:1,1
DA:2,1
DA:3,1
DA:4,1
DA:5,1
DA:6,1
DA:9,1
DA:10,6
DA:11,6
DA:12,6
DA:14,0
DA:17,1
DA:18,1
DA:19,1
DA:20,1
DA:23,1
DA:24,0
DA:25,0
DA:35,1
LF:19
LH:16
BRDA:11,0,0,6
BRDA:11,0,1,0
BRDA:29,1,0,0
BRDA:29,1,1,0
BRF:4
BRH:1
end_of_record
TN:
SF:routes/recipes.js
FN:10,(anonymous_0)
FNF:1
FNH:1
FNDA:2,(anonymous_0)
DA:1,1
DA:2,1
DA:3,1
DA:4,1
DA:5,1
DA:6,1
DA:7,1
DA:10,1
DA:11,2
DA:12,2
DA:13,2
DA:15,0
DA:19,1
DA:22,1
DA:23,1
DA:24,1
DA:27,1
DA:30,1
DA:31,1
DA:32,1
DA:34,1
LF:21
LH:20
BRDA:12,0,0,2
BRDA:12,0,1,0
BRF:2
BRH:1
end_of_record
