TN:
SF:app.js
FN:10,(anonymous_0)
FN:10,(anonymous_1)
FN:45,(anonymous_2)
FN:59,(anonymous_3)
FN:60,(anonymous_4)
FNF:5
FNH:2
FNDA:1,(anonymous_0)
FNDA:33,(anonymous_1)
FNDA:0,(anonymous_2)
FNDA:0,(anonymous_3)
FNDA:0,(anonymous_4)
DA:1,1
DA:2,1
DA:3,1
DA:4,1
DA:6,1
DA:8,1
DA:10,33
DA:12,1
DA:13,1
DA:14,1
DA:16,1
DA:19,1
DA:22,1
DA:28,1
DA:31,1
DA:40,1
DA:41,1
DA:44,1
DA:45,0
DA:46,0
DA:47,0
DA:52,1
DA:53,1
DA:56,1
DA:57,0
DA:59,0
DA:60,0
DA:63,1
LF:28
LH:22
BRDA:44,0,0,0
BRDA:44,0,1,1
BRDA:56,1,0,0
BRDA:56,1,1,1
BRF:4
BRH:2
end_of_record
TN:
SF:controllers/authController.js
FN:6,(anonymous_0)
FN:39,(anonymous_1)
FN:69,(anonymous_2)
FN:83,(anonymous_3)
FNF:4
FNH:4
FNDA:3,(anonymous_0)
FNDA:4,(anonymous_1)
FNDA:4,(anonymous_2)
FNDA:5,(anonymous_3)
DA:1,2
DA:2,2
DA:3,2
DA:6,2
DA:7,3
DA:9,3
DA:11,3
DA:12,2
DA:13,1
DA:17,1
DA:20,1
DA:26,1
DA:29,1
DA:31,1
DA:33,1
DA:34,1
DA:39,2
DA:40,4
DA:43,4
DA:44,1
DA:47,3
DA:48,3
DA:49,2
DA:50,1
DA:53,1
DA:54,1
DA:55,1
DA:56,1
DA:59,0
DA:61,0
DA:63,1
DA:64,1
DA:69,2
DA:70,4
DA:71,4
DA:72,3
DA:73,2
DA:75,1
DA:77,1
DA:78,1
DA:83,2
DA:84,5
DA:85,5
DA:87,5
DA:89,5
DA:93,4
DA:94,1
DA:98,3
DA:99,3
DA:101,3
DA:102,2
DA:103,1
DA:105,1
DA:106,1
DA:107,1
DA:110,2
DA:111,2
DA:113,2
DA:116,2
DA:121,2
DA:123,1
DA:124,1
LF:62
LH:60
BRDA:7,0,0,3
BRDA:12,1,0,1
BRDA:12,1,1,1
BRDA:43,2,0,1
BRDA:43,2,1,3
BRDA:43,3,0,4
BRDA:43,3,1,3
BRDA:49,4,0,1
BRDA:49,4,1,1
BRDA:55,5,0,1
BRDA:55,5,1,0
BRDA:72,6,0,2
BRDA:72,6,1,1
BRDA:93,7,0,1
BRDA:93,7,1,3
BRDA:101,8,0,2
BRDA:101,8,1,1
BRDA:101,9,0,3
BRDA:101,9,1,2
BRDA:102,10,0,1
BRDA:102,10,1,1
BRF:21
BRH:20
end_of_record
TN:
SF:controllers/recipesController.js
FN:4,(anonymous_0)
FN:30,(anonymous_1)
FN:48,(anonymous_2)
FN:63,(anonymous_3)
FN:78,(anonymous_4)
FN:89,(anonymous_5)
FN:107,(anonymous_6)
FN:124,(anonymous_7)
FNF:8
FNH:8
FNDA:5,(anonymous_0)
FNDA:2,(anonymous_1)
FNDA:2,(anonymous_2)
FNDA:2,(anonymous_3)
FNDA:2,(anonymous_4)
FNDA:2,(anonymous_5)
FNDA:2,(anonymous_6)
FNDA:3,(anonymous_7)
DA:1,2
DA:4,2
DA:5,5
DA:6,5
DA:8,5
DA:13,5
DA:15,5
DA:16,2
DA:17,2
DA:18,2
DA:21,5
DA:22,5
DA:24,0
DA:25,0
DA:30,2
DA:31,2
DA:32,2
DA:39,2
DA:40,0
DA:42,0
DA:43,0
DA:48,2
DA:49,2
DA:50,2
DA:51,2
DA:55,1
DA:57,1
DA:58,1
DA:63,2
DA:64,2
DA:65,2
DA:66,2
DA:70,1
DA:72,1
DA:73,1
DA:78,2
DA:79,2
DA:80,2
DA:81,1
DA:83,1
DA:84,1
DA:89,2
DA:90,2
DA:91,2
DA:93,2
DA:95,2
DA:99,2
DA:101,0
DA:102,0
DA:107,2
DA:108,2
DA:109,2
DA:111,2
DA:112,2
DA:116,2
DA:118,0
DA:119,0
DA:124,2
DA:125,3
DA:126,3
DA:128,3
DA:129,3
DA:133,3
DA:135,0
DA:136,0
LF:65
LH:54
BRDA:15,0,0,2
BRDA:15,0,1,3
BRDA:15,1,0,5
BRDA:15,1,1,2
BRDA:39,2,0,2
BRDA:39,2,1,0
BRF:6
BRH:5
end_of_record
TN:
SF:middlewares/admin.js
FN:1,(anonymous_0)
FNF:1
FNH:1
FNDA:7,(anonymous_0)
DA:1,2
DA:2,7
DA:3,4
DA:5,3
LF:4
LH:4
BRDA:2,0,0,4
BRDA:2,0,1,3
BRF:2
BRH:2
end_of_record
TN:
SF:middlewares/authMiddleware.js
FN:3,(anonymous_0)
FNF:1
FNH:1
FNDA:25,(anonymous_0)
DA:1,2
DA:3,2
DA:4,25
DA:5,25
DA:7,15
DA:8,15
DA:9,12
DA:10,12
DA:12,3
LF:9
LH:9
BRDA:5,0,0,10
BRDA:5,0,1,15
BRF:2
BRH:2
end_of_record
TN:
SF:middlewares/validators.js
FN:16,(anonymous_0)
FN:52,(anonymous_1)
FNF:2
FNH:2
FNDA:7,(anonymous_0)
FNDA:4,(anonymous_1)
DA:1,2
DA:4,2
DA:17,7
DA:18,7
DA:19,7
DA:20,7
DA:21,7
DA:22,7
DA:23,4
DA:25,3
DA:31,2
DA:40,2
DA:53,4
DA:54,4
DA:55,4
DA:56,4
DA:57,4
DA:58,4
DA:59,4
DA:60,3
DA:62,1
DA:67,2
DA:83,2
LF:23
LH:23
BRDA:22,0,0,4
BRDA:22,0,1,3
BRDA:53,1,0,0
BRDA:53,1,1,4
BRDA:59,2,0,3
BRDA:59,2,1,1
BRF:6
BRH:5
end_of_record
TN:
SF:routes/auth.js
FN:9,(anonymous_0)
FNF:1
FNH:1
FNDA:7,(anonymous_0)
DA:1,1
DA:2,1
DA:3,1
DA:4,1
DA:5,1
DA:6,1
DA:9,1
DA:10,7
DA:11,7
DA:12,7
DA:14,0
DA:17,1
DA:18,1
DA:19,1
DA:20,1
DA:22,1
LF:16
LH:15
BRDA:11,0,0,7
BRDA:11,0,1,0
BRF:2
BRH:1
end_of_record
TN:
SF:routes/recipes.js
FN:10,(anonymous_0)
FNF:1
FNH:1
FNDA:2,(anonymous_0)
DA:1,1
DA:2,1
DA:3,1
DA:4,1
DA:5,1
DA:6,1
DA:7,1
DA:10,1
DA:11,2
DA:12,2
DA:13,2
DA:15,0
DA:19,1
DA:22,1
DA:23,1
DA:24,1
DA:27,1
DA:30,1
DA:31,1
DA:32,1
DA:34,1
LF:21
LH:20
BRDA:12,0,0,2
BRDA:12,0,1,0
BRF:2
BRH:1
end_of_record
